Using pre-set license
Built from '2021.3/staging' branch; Version is '2021.3.16f1 (4016570cf34f) revision 4200023'; Using compiler version '192829333'; Build Type 'Release'
OS: 'Windows 11  (10.0.22621) 64bit Professional' Language: 'ru' Physical Memory: 16080 MB
BatchMode: 1, IsHumanControllingUs: 0, StartBugReporterOnCrash: 0, Is64bit: 1, IsPro: 1

COMMAND LINE ARGUMENTS:
C:\Program Files\Unity\Hub\Editor\2021.3.16f1\Editor\Unity.exe
-adb2
-batchMode
-noUpm
-name
AssetImportWorker2
-projectPath
C:/Users/crazy/Monopoly
-logFile
Logs/AssetImportWorker2.log
-srvPort
63960
Successfully changed project path to: C:/Users/crazy/Monopoly
C:/Users/crazy/Monopoly
[UnityMemory] Configuration Parameters - Can be set up in boot.config
    "memorysetup-bucket-allocator-granularity=16"
    "memorysetup-bucket-allocator-bucket-count=8"
    "memorysetup-bucket-allocator-block-size=33554432"
    "memorysetup-bucket-allocator-block-count=8"
    "memorysetup-main-allocator-block-size=16777216"
    "memorysetup-thread-allocator-block-size=16777216"
    "memorysetup-gfx-main-allocator-block-size=16777216"
    "memorysetup-gfx-thread-allocator-block-size=16777216"
    "memorysetup-cache-allocator-block-size=4194304"
    "memorysetup-typetree-allocator-block-size=2097152"
    "memorysetup-profiler-bucket-allocator-granularity=16"
    "memorysetup-profiler-bucket-allocator-bucket-count=8"
    "memorysetup-profiler-bucket-allocator-block-size=33554432"
    "memorysetup-profiler-bucket-allocator-block-count=8"
    "memorysetup-profiler-allocator-block-size=16777216"
    "memorysetup-profiler-editor-allocator-block-size=1048576"
    "memorysetup-temp-allocator-size-main=16777216"
    "memorysetup-job-temp-allocator-block-size=2097152"
    "memorysetup-job-temp-allocator-block-size-background=1048576"
    "memorysetup-job-temp-allocator-reduction-small-platforms=262144"
    "memorysetup-temp-allocator-size-background-worker=32768"
    "memorysetup-temp-allocator-size-job-worker=262144"
    "memorysetup-temp-allocator-size-preload-manager=33554432"
    "memorysetup-temp-allocator-size-nav-mesh-worker=65536"
    "memorysetup-temp-allocator-size-audio-worker=65536"
    "memorysetup-temp-allocator-size-cloud-worker=32768"
    "memorysetup-temp-allocator-size-gi-baking-worker=262144"
    "memorysetup-temp-allocator-size-gfx=262144"
Player connection [16564] Host "[IP] 192.168.1.202 [Port] 0 [Flags] 2 [Guid] 2560872937 [EditorId] 2560872937 [Version] 1048832 [Id] WindowsEditor(7,ASUS-ZenBook) [Debug] 1 [PackageName] WindowsEditor [ProjectName] Editor" joined multi-casting on [225.0.0.222:54997]...

Player connection [16564] Host "[IP] 192.168.1.202 [Port] 0 [Flags] 2 [Guid] 2560872937 [EditorId] 2560872937 [Version] 1048832 [Id] WindowsEditor(7,ASUS-ZenBook) [Debug] 1 [PackageName] WindowsEditor [ProjectName] Editor" joined alternative multi-casting on [225.0.0.222:34997]...

Refreshing native plugins compatible for Editor in 133.43 ms, found 3 plugins.
Preloading 0 native plugins for Editor in 0.00 ms.
Initialize engine version: 2021.3.16f1 (4016570cf34f)
[Subsystems] Discovering subsystems at path C:/Program Files/Unity/Hub/Editor/2021.3.16f1/Editor/Data/Resources/UnitySubsystems
[Subsystems] Discovering subsystems at path C:/Users/crazy/Monopoly/Assets
GfxDevice: creating device client; threaded=0; jobified=0
Direct3D:
    Version:  Direct3D 11.0 [level 11.0]
    Renderer: NVIDIA GeForce GTX 960M (ID=0x139b)
    Vendor:   NVIDIA
    VRAM:     2008 MB
    Driver:   31.0.15.2756
Initialize mono
Mono path[0] = 'C:/Program Files/Unity/Hub/Editor/2021.3.16f1/Editor/Data/Managed'
Mono path[1] = 'C:/Program Files/Unity/Hub/Editor/2021.3.16f1/Editor/Data/MonoBleedingEdge/lib/mono/unityjit-win32'
Mono config path = 'C:/Program Files/Unity/Hub/Editor/2021.3.16f1/Editor/Data/MonoBleedingEdge/etc'
Using monoOptions --debugger-agent=transport=dt_socket,embedding=1,server=y,suspend=n,address=127.0.0.1:56544
Begin MonoManager ReloadAssembly
Registering precompiled unity dll's ...
Registered in 0.005940 seconds.
Refreshing native plugins compatible for Editor in 107.98 ms, found 3 plugins.
Preloading 0 native plugins for Editor in 0.00 ms.
Mono: successfully reloaded assembly
- Completed reload, in  0.829 seconds
Domain Reload Profiling:
	ReloadAssembly (830ms)
		BeginReloadAssembly (84ms)
			ExecutionOrderSort (0ms)
			DisableScriptedObjects (0ms)
			BackupInstance (0ms)
			ReleaseScriptingObjects (0ms)
			CreateAndSetChildDomain (1ms)
		EndReloadAssembly (607ms)
			LoadAssemblies (82ms)
			RebuildTransferFunctionScriptingTraits (0ms)
			SetupTypeCache (161ms)
			ReleaseScriptCaches (0ms)
			RebuildScriptCaches (40ms)
			SetupLoadedEditorAssemblies (331ms)
				LogAssemblyErrors (0ms)
				InitializePlatformSupportModulesInManaged (3ms)
				SetLoadedEditorAssemblies (1ms)
				RefreshPlugins (108ms)
				BeforeProcessingInitializeOnLoad (2ms)
				ProcessInitializeOnLoadAttributes (156ms)
				ProcessInitializeOnLoadMethodAttributes (61ms)
				AfterProcessingInitializeOnLoad (0ms)
				EditorAssembliesLoaded (0ms)
			ExecutionOrderSort2 (0ms)
			AwakeInstancesAfterBackupRestoration (0ms)
Platform modules already initialized, skipping
Registering precompiled user dll's ...
Registered in 0.006502 seconds.
Begin MonoManager ReloadAssembly
Symbol file LoadedFromMemory doesn't match image C:\Users\crazy\Monopoly\Library\PackageCache\com.unity.visualscripting@1.7.8\Editor\VisualScripting.Core\Dependencies\YamlDotNet\Unity.VisualScripting.YamlDotNet.dll
Symbol file LoadedFromMemory doesn't match image C:\Users\crazy\Monopoly\Library\PackageCache\com.unity.visualscripting@1.7.8\Editor\VisualScripting.Core\Dependencies\DotNetZip\Unity.VisualScripting.IonicZip.dll
Refreshing native plugins compatible for Editor in 0.69 ms, found 3 plugins.
Preloading 0 native plugins for Editor in 0.00 ms.
Mono: successfully reloaded assembly
- Completed reload, in  6.334 seconds
Domain Reload Profiling:
	ReloadAssembly (6335ms)
		BeginReloadAssembly (131ms)
			ExecutionOrderSort (0ms)
			DisableScriptedObjects (7ms)
			BackupInstance (0ms)
			ReleaseScriptingObjects (0ms)
			CreateAndSetChildDomain (25ms)
		EndReloadAssembly (6053ms)
			LoadAssemblies (3161ms)
			RebuildTransferFunctionScriptingTraits (0ms)
			SetupTypeCache (909ms)
			ReleaseScriptCaches (1ms)
			RebuildScriptCaches (82ms)
			SetupLoadedEditorAssemblies (1755ms)
				LogAssemblyErrors (0ms)
				InitializePlatformSupportModulesInManaged (1ms)
				SetLoadedEditorAssemblies (1ms)
				RefreshPlugins (1ms)
				BeforeProcessingInitializeOnLoad (118ms)
				ProcessInitializeOnLoadAttributes (302ms)
				ProcessInitializeOnLoadMethodAttributes (1325ms)
				AfterProcessingInitializeOnLoad (8ms)
				EditorAssembliesLoaded (0ms)
			ExecutionOrderSort2 (0ms)
			AwakeInstancesAfterBackupRestoration (29ms)
Platform modules already initialized, skipping
========================================================================
Worker process is ready to serve import requests
Launched and connected shader compiler UnityShaderCompiler.exe after 0.09 seconds
Refreshing native plugins compatible for Editor in 1.17 ms, found 3 plugins.
Preloading 0 native plugins for Editor in 0.00 ms.
Unloading 3360 Unused Serialized files (Serialized files now loaded: 0)
Unloading 27 unused Assets / (113.5 KB). Loaded Objects now: 3818.
Memory consumption went from 115.6 MB to 115.5 MB.
Total: 4.849600 ms (FindLiveObjects: 0.323100 ms CreateObjectMapping: 0.161300 ms MarkObjects: 4.215300 ms  DeleteObjects: 0.148400 ms)

AssetImportParameters requested are different than current active one (requested -> active):
  custom:video-decoder-ogg-theora: a1e56fd34408186e4bbccfd4996cb3dc -> 
  custom:container-muxer-webm: aa71ff27fc2769a1b78a27578f13a17b -> 
  custom:container-demuxer-webm: 4f35f7cbe854078d1ac9338744f61a02 -> 
  custom:video-encoder-webm-vp8: eb34c28f22e8b96e1ab97ce403110664 -> 
  custom:video-codec-MediaFoundation-h265: 746d11721c4dcdbdad8f713fa42b33f4 -> 
  custom:audio-encoder-webm-vorbis: bf7c407c2cedff20999df2af8eb42d56 -> 
  custom:framework-win-MediaFoundation: 216162199b28c13a410421893ffa2e32 -> 
  custom:container-demuxer-ogg: 62fdf1f143b41e24485cea50d1cbac27 -> 
  custom:video-decoder-webm-vp8: 9c59270c3fd7afecdb556c50c9e8de78 -> 
  custom:audio-decoder-ogg-vorbis: bf7c407c2cedff20999df2af8eb42d56 -> 
========================================================================
Received Import Request.
  Time since last request: 341716.547192 seconds.
  path: Assets/Scenes/Load.unity
  artifactKey: Guid(9fc0d4010bbf28b4594072e72b8655ab) Importer(815301076,1909f56bfc062723c751e8b465ee728b)
Start importing Assets/Scenes/Load.unity using Guid(9fc0d4010bbf28b4594072e72b8655ab) Importer(815301076,1909f56bfc062723c751e8b465ee728b)  -> (artifact id: '475accf5e166d63e4f0320096c90c00d') in 0.011676 seconds 
========================================================================
Received Import Request.
  Time since last request: 682.181565 seconds.
  path: Assets
  artifactKey: Guid(00000000000000001000000000000000) Importer(815301076,1909f56bfc062723c751e8b465ee728b)
Start importing Assets using Guid(00000000000000001000000000000000) Importer(815301076,1909f56bfc062723c751e8b465ee728b)  -> (artifact id: '79842766b460edbeab6a34051e857a80') in 0.007190 seconds 
========================================================================
Received Import Request.
  Time since last request: 13.065309 seconds.
  path: Assets/UI
  artifactKey: Guid(d0b5d49a1955c9049aa7638d9269b54d) Importer(815301076,1909f56bfc062723c751e8b465ee728b)
Start importing Assets/UI using Guid(d0b5d49a1955c9049aa7638d9269b54d) Importer(815301076,1909f56bfc062723c751e8b465ee728b)  -> (artifact id: '89ed304ddd4585d1610c21e389e100ee') in 0.007507 seconds 
========================================================================
Received Import Request.
  Time since last request: 31.877620 seconds.
  path: Assets/UI/LoadBackground
  artifactKey: Guid(08ad804ff6c4b7c4c99b54d28415eb86) Importer(815301076,1909f56bfc062723c751e8b465ee728b)
Start importing Assets/UI/LoadBackground using Guid(08ad804ff6c4b7c4c99b54d28415eb86) Importer(815301076,1909f56bfc062723c751e8b465ee728b)  -> (artifact id: '2655a3a8386d841bab55f1f98c32c374') in 0.008674 seconds 
========================================================================
Received Import Request.
  Time since last request: 31.027559 seconds.
  path: Assets/UI/LoadBackground/Картинка загрузки.png
  artifactKey: Guid(3a2cdaf34d4e3554d886dba83b298933) Importer(815301076,1909f56bfc062723c751e8b465ee728b)
Start importing Assets/UI/LoadBackground/Картинка загрузки.png using Guid(3a2cdaf34d4e3554d886dba83b298933) Importer(815301076,1909f56bfc062723c751e8b465ee728b)  -> (artifact id: 'bf5bb89929d122bbf0f3429da844b060') in 0.105797 seconds 
========================================================================
Received Import Request.
  Time since last request: 113.960944 seconds.
  path: Assets/UI/LoadBackground/Картинка загрузки.png
  artifactKey: Guid(3a2cdaf34d4e3554d886dba83b298933) Importer(815301076,1909f56bfc062723c751e8b465ee728b)
Start importing Assets/UI/LoadBackground/Картинка загрузки.png using Guid(3a2cdaf34d4e3554d886dba83b298933) Importer(815301076,1909f56bfc062723c751e8b465ee728b)  -> (artifact id: '4ff9d68117f67729edc054c2d5ef8f07') in 0.025689 seconds 
========================================================================
Received Import Request.
  Time since last request: 5.113571 seconds.
  path: Assets/UI/LoadBackground/Картинка загрузки.png
  artifactKey: Guid(3a2cdaf34d4e3554d886dba83b298933) Importer(815301076,1909f56bfc062723c751e8b465ee728b)
Start importing Assets/UI/LoadBackground/Картинка загрузки.png using Guid(3a2cdaf34d4e3554d886dba83b298933) Importer(815301076,1909f56bfc062723c751e8b465ee728b)  -> (artifact id: '02d82de98632c55bcac5a5ef66bc77e0') in 0.131976 seconds 
========================================================================
Received Import Request.
  Time since last request: 453.503920 seconds.
  path: Assets/UI/LoadBackground/Картинка загрузки.png
  artifactKey: Guid(3a2cdaf34d4e3554d886dba83b298933) Importer(815301076,1909f56bfc062723c751e8b465ee728b)
Start importing Assets/UI/LoadBackground/Картинка загрузки.png using Guid(3a2cdaf34d4e3554d886dba83b298933) Importer(815301076,1909f56bfc062723c751e8b465ee728b)  -> (artifact id: 'eacd0c88a161a294ef3d127bd4f176b4') in 0.016664 seconds 
========================================================================
Received Import Request.
  Time since last request: 6.706874 seconds.
  path: Assets/UI/LoadBackground/Картинка загрузки.png
  artifactKey: Guid(3a2cdaf34d4e3554d886dba83b298933) Importer(815301076,1909f56bfc062723c751e8b465ee728b)
Start importing Assets/UI/LoadBackground/Картинка загрузки.png using Guid(3a2cdaf34d4e3554d886dba83b298933) Importer(815301076,1909f56bfc062723c751e8b465ee728b)  -> (artifact id: '33d9fc1c26d24ce5af76fdcecfe05dcd') in 0.021493 seconds 
========================================================================
Received Import Request.
  Time since last request: 3.627809 seconds.
  path: Assets/UI/LoadBackground/Картинка загрузки.png
  artifactKey: Guid(3a2cdaf34d4e3554d886dba83b298933) Importer(815301076,1909f56bfc062723c751e8b465ee728b)
Start importing Assets/UI/LoadBackground/Картинка загрузки.png using Guid(3a2cdaf34d4e3554d886dba83b298933) Importer(815301076,1909f56bfc062723c751e8b465ee728b)  -> (artifact id: 'f614f6557fa52d9b442abcac5259af52') in 0.057516 seconds 
========================================================================
Received Prepare
Registering precompiled user dll's ...
Registered in 0.008852 seconds.
Begin MonoManager ReloadAssembly
Symbol file LoadedFromMemory doesn't match image C:\Users\crazy\Monopoly\Library\PackageCache\com.unity.visualscripting@1.7.8\Editor\VisualScripting.Core\Dependencies\YamlDotNet\Unity.VisualScripting.YamlDotNet.dll
Symbol file LoadedFromMemory doesn't match image C:\Users\crazy\Monopoly\Library\PackageCache\com.unity.visualscripting@1.7.8\Editor\VisualScripting.Core\Dependencies\DotNetZip\Unity.VisualScripting.IonicZip.dll
Refreshing native plugins compatible for Editor in 0.93 ms, found 3 plugins.
Preloading 0 native plugins for Editor in 0.00 ms.
Mono: successfully reloaded assembly
- Completed reload, in  1.403 seconds
Domain Reload Profiling:
	ReloadAssembly (1404ms)
		BeginReloadAssembly (188ms)
			ExecutionOrderSort (0ms)
			DisableScriptedObjects (7ms)
			BackupInstance (0ms)
			ReleaseScriptingObjects (0ms)
			CreateAndSetChildDomain (55ms)
		EndReloadAssembly (1069ms)
			LoadAssemblies (121ms)
			RebuildTransferFunctionScriptingTraits (0ms)
			SetupTypeCache (401ms)
			ReleaseScriptCaches (1ms)
			RebuildScriptCaches (62ms)
			SetupLoadedEditorAssemblies (429ms)
				LogAssemblyErrors (0ms)
				InitializePlatformSupportModulesInManaged (2ms)
				SetLoadedEditorAssemblies (1ms)
				RefreshPlugins (1ms)
				BeforeProcessingInitializeOnLoad (101ms)
				ProcessInitializeOnLoadAttributes (284ms)
				ProcessInitializeOnLoadMethodAttributes (33ms)
				AfterProcessingInitializeOnLoad (7ms)
				EditorAssembliesLoaded (0ms)
			ExecutionOrderSort2 (0ms)
			AwakeInstancesAfterBackupRestoration (9ms)
Platform modules already initialized, skipping
Refreshing native plugins compatible for Editor in 2.33 ms, found 3 plugins.
Preloading 0 native plugins for Editor in 0.00 ms.
Unloading 3403 Unused Serialized files (Serialized files now loaded: 0)
Unloading 33 unused Assets / (0.7 MB). Loaded Objects now: 3863.
Memory consumption went from 123.1 MB to 122.3 MB.
Total: 3.883500 ms (FindLiveObjects: 0.307700 ms CreateObjectMapping: 0.117200 ms MarkObjects: 3.078300 ms  DeleteObjects: 0.379400 ms)

AssetImportParameters requested are different than current active one (requested -> active):
  custom:video-decoder-ogg-theora: a1e56fd34408186e4bbccfd4996cb3dc -> 
  custom:container-muxer-webm: aa71ff27fc2769a1b78a27578f13a17b -> 
  custom:container-demuxer-webm: 4f35f7cbe854078d1ac9338744f61a02 -> 
  custom:video-encoder-webm-vp8: eb34c28f22e8b96e1ab97ce403110664 -> 
  custom:video-codec-MediaFoundation-h265: 746d11721c4dcdbdad8f713fa42b33f4 -> 
  custom:audio-encoder-webm-vorbis: bf7c407c2cedff20999df2af8eb42d56 -> 
  custom:framework-win-MediaFoundation: 216162199b28c13a410421893ffa2e32 -> 
  custom:container-demuxer-ogg: 62fdf1f143b41e24485cea50d1cbac27 -> 
  custom:video-decoder-webm-vp8: 9c59270c3fd7afecdb556c50c9e8de78 -> 
  custom:audio-decoder-ogg-vorbis: bf7c407c2cedff20999df2af8eb42d56 -> 
========================================================================
Received Import Request.
  Time since last request: 499.520104 seconds.
  path: Assets/TextMesh Pro
  artifactKey: Guid(f54d1bd14bd3ca042bd867b519fee8cc) Importer(815301076,1909f56bfc062723c751e8b465ee728b)
Start importing Assets/TextMesh Pro using Guid(f54d1bd14bd3ca042bd867b519fee8cc) Importer(815301076,1909f56bfc062723c751e8b465ee728b)  -> (artifact id: 'f5648c5ef36b7beab651a001a8d08867') in 0.017023 seconds 
========================================================================
Received Import Request.
  Time since last request: 11.786955 seconds.
  path: Assets/Scripts
  artifactKey: Guid(cfe623e98aa1ba8499da5d394c637ca0) Importer(815301076,1909f56bfc062723c751e8b465ee728b)
Start importing Assets/Scripts using Guid(cfe623e98aa1ba8499da5d394c637ca0) Importer(815301076,1909f56bfc062723c751e8b465ee728b)  -> (artifact id: 'bc37f771349b6cdc91fccdf9fa03a2d6') in 0.006276 seconds 
========================================================================
Received Import Request.
  Time since last request: 16.546383 seconds.
  path: Assets/Scripts/LoadingScreen.cs
  artifactKey: Guid(677ef243ba5bb2a44b479ae5b1bbe9c1) Importer(815301076,1909f56bfc062723c751e8b465ee728b)
Start importing Assets/Scripts/LoadingScreen.cs using Guid(677ef243ba5bb2a44b479ae5b1bbe9c1) Importer(815301076,1909f56bfc062723c751e8b465ee728b)  -> (artifact id: 'cc51f489a95600cea2aa26cc0e57061c') in 0.013538 seconds 
========================================================================
Received Prepare
Registering precompiled user dll's ...
Registered in 0.005902 seconds.
Begin MonoManager ReloadAssembly
Symbol file LoadedFromMemory doesn't match image C:\Users\crazy\Monopoly\Library\PackageCache\com.unity.visualscripting@1.7.8\Editor\VisualScripting.Core\Dependencies\YamlDotNet\Unity.VisualScripting.YamlDotNet.dll
Symbol file LoadedFromMemory doesn't match image C:\Users\crazy\Monopoly\Library\PackageCache\com.unity.visualscripting@1.7.8\Editor\VisualScripting.Core\Dependencies\DotNetZip\Unity.VisualScripting.IonicZip.dll
Refreshing native plugins compatible for Editor in 0.71 ms, found 3 plugins.
Preloading 0 native plugins for Editor in 0.00 ms.
Mono: successfully reloaded assembly
- Completed reload, in  1.470 seconds
Domain Reload Profiling:
	ReloadAssembly (1471ms)
		BeginReloadAssembly (204ms)
			ExecutionOrderSort (0ms)
			DisableScriptedObjects (9ms)
			BackupInstance (0ms)
			ReleaseScriptingObjects (0ms)
			CreateAndSetChildDomain (66ms)
		EndReloadAssembly (1107ms)
			LoadAssemblies (125ms)
			RebuildTransferFunctionScriptingTraits (0ms)
			SetupTypeCache (456ms)
			ReleaseScriptCaches (2ms)
			RebuildScriptCaches (64ms)
			SetupLoadedEditorAssemblies (407ms)
				LogAssemblyErrors (0ms)
				InitializePlatformSupportModulesInManaged (1ms)
				SetLoadedEditorAssemblies (1ms)
				RefreshPlugins (1ms)
				BeforeProcessingInitializeOnLoad (90ms)
				ProcessInitializeOnLoadAttributes (277ms)
				ProcessInitializeOnLoadMethodAttributes (31ms)
				AfterProcessingInitializeOnLoad (7ms)
				EditorAssembliesLoaded (0ms)
			ExecutionOrderSort2 (0ms)
			AwakeInstancesAfterBackupRestoration (10ms)
Platform modules already initialized, skipping
Refreshing native plugins compatible for Editor in 2.16 ms, found 3 plugins.
Preloading 0 native plugins for Editor in 0.00 ms.
Unloading 3404 Unused Serialized files (Serialized files now loaded: 0)
Unloading 33 unused Assets / (0.7 MB). Loaded Objects now: 3867.
Memory consumption went from 123.1 MB to 122.4 MB.
Total: 4.990100 ms (FindLiveObjects: 0.293100 ms CreateObjectMapping: 0.252100 ms MarkObjects: 4.033100 ms  DeleteObjects: 0.410500 ms)

AssetImportParameters requested are different than current active one (requested -> active):
  custom:video-decoder-ogg-theora: a1e56fd34408186e4bbccfd4996cb3dc -> 
  custom:container-muxer-webm: aa71ff27fc2769a1b78a27578f13a17b -> 
  custom:container-demuxer-webm: 4f35f7cbe854078d1ac9338744f61a02 -> 
  custom:video-encoder-webm-vp8: eb34c28f22e8b96e1ab97ce403110664 -> 
  custom:video-codec-MediaFoundation-h265: 746d11721c4dcdbdad8f713fa42b33f4 -> 
  custom:audio-encoder-webm-vorbis: bf7c407c2cedff20999df2af8eb42d56 -> 
  custom:framework-win-MediaFoundation: 216162199b28c13a410421893ffa2e32 -> 
  custom:container-demuxer-ogg: 62fdf1f143b41e24485cea50d1cbac27 -> 
  custom:video-decoder-webm-vp8: 9c59270c3fd7afecdb556c50c9e8de78 -> 
  custom:audio-decoder-ogg-vorbis: bf7c407c2cedff20999df2af8eb42d56 -> 
========================================================================
Received Prepare
Registering precompiled user dll's ...
Registered in 0.005900 seconds.
Begin MonoManager ReloadAssembly
Symbol file LoadedFromMemory doesn't match image C:\Users\crazy\Monopoly\Library\PackageCache\com.unity.visualscripting@1.7.8\Editor\VisualScripting.Core\Dependencies\YamlDotNet\Unity.VisualScripting.YamlDotNet.dll
Symbol file LoadedFromMemory doesn't match image C:\Users\crazy\Monopoly\Library\PackageCache\com.unity.visualscripting@1.7.8\Editor\VisualScripting.Core\Dependencies\DotNetZip\Unity.VisualScripting.IonicZip.dll
Refreshing native plugins compatible for Editor in 0.84 ms, found 3 plugins.
Preloading 0 native plugins for Editor in 0.00 ms.
Mono: successfully reloaded assembly
- Completed reload, in  1.352 seconds
Domain Reload Profiling:
	ReloadAssembly (1353ms)
		BeginReloadAssembly (174ms)
			ExecutionOrderSort (0ms)
			DisableScriptedObjects (8ms)
			BackupInstance (0ms)
			ReleaseScriptingObjects (0ms)
			CreateAndSetChildDomain (54ms)
		EndReloadAssembly (1033ms)
			LoadAssemblies (104ms)
			RebuildTransferFunctionScriptingTraits (0ms)
			SetupTypeCache (458ms)
			ReleaseScriptCaches (1ms)
			RebuildScriptCaches (52ms)
			SetupLoadedEditorAssemblies (371ms)
				LogAssemblyErrors (0ms)
				InitializePlatformSupportModulesInManaged (1ms)
				SetLoadedEditorAssemblies (1ms)
				RefreshPlugins (1ms)
				BeforeProcessingInitializeOnLoad (82ms)
				ProcessInitializeOnLoadAttributes (249ms)
				ProcessInitializeOnLoadMethodAttributes (28ms)
				AfterProcessingInitializeOnLoad (8ms)
				EditorAssembliesLoaded (0ms)
			ExecutionOrderSort2 (0ms)
			AwakeInstancesAfterBackupRestoration (8ms)
Platform modules already initialized, skipping
Refreshing native plugins compatible for Editor in 2.20 ms, found 3 plugins.
Preloading 0 native plugins for Editor in 0.00 ms.
Unloading 3404 Unused Serialized files (Serialized files now loaded: 0)
Unloading 33 unused Assets / (0.7 MB). Loaded Objects now: 3870.
Memory consumption went from 123.1 MB to 122.4 MB.
Total: 4.980300 ms (FindLiveObjects: 0.285300 ms CreateObjectMapping: 0.127000 ms MarkObjects: 4.153300 ms  DeleteObjects: 0.413400 ms)

AssetImportParameters requested are different than current active one (requested -> active):
  custom:video-decoder-ogg-theora: a1e56fd34408186e4bbccfd4996cb3dc -> 
  custom:container-muxer-webm: aa71ff27fc2769a1b78a27578f13a17b -> 
  custom:container-demuxer-webm: 4f35f7cbe854078d1ac9338744f61a02 -> 
  custom:video-encoder-webm-vp8: eb34c28f22e8b96e1ab97ce403110664 -> 
  custom:video-codec-MediaFoundation-h265: 746d11721c4dcdbdad8f713fa42b33f4 -> 
  custom:audio-encoder-webm-vorbis: bf7c407c2cedff20999df2af8eb42d56 -> 
  custom:framework-win-MediaFoundation: 216162199b28c13a410421893ffa2e32 -> 
  custom:container-demuxer-ogg: 62fdf1f143b41e24485cea50d1cbac27 -> 
  custom:video-decoder-webm-vp8: 9c59270c3fd7afecdb556c50c9e8de78 -> 
  custom:audio-decoder-ogg-vorbis: bf7c407c2cedff20999df2af8eb42d56 -> 
========================================================================
Received Import Request.
  Time since last request: 1689.501694 seconds.
  path: Assets/UI/Loading
  artifactKey: Guid(08ad804ff6c4b7c4c99b54d28415eb86) Importer(815301076,1909f56bfc062723c751e8b465ee728b)
Start importing Assets/UI/Loading using Guid(08ad804ff6c4b7c4c99b54d28415eb86) Importer(815301076,1909f56bfc062723c751e8b465ee728b)  -> (artifact id: 'aee0501612490a8f953926956b824b42') in 0.016883 seconds 
========================================================================
Received Import Request.
  Time since last request: 30.505732 seconds.
  path: Assets/UI/Loading/LoadingProgress.controller
  artifactKey: Guid(008835f01a2f67e46b0c8f2c47ecc5fe) Importer(815301076,1909f56bfc062723c751e8b465ee728b)
Start importing Assets/UI/Loading/LoadingProgress.controller using Guid(008835f01a2f67e46b0c8f2c47ecc5fe) Importer(815301076,1909f56bfc062723c751e8b465ee728b)  -> (artifact id: '678fe79fd458c3cf0841daaceaa4e388') in 0.025322 seconds 
========================================================================
Received Import Request.
  Time since last request: 4518.653054 seconds.
  path: Assets/Scenes
  artifactKey: Guid(6ea315d0fd7389c41b19996891e99ae3) Importer(815301076,1909f56bfc062723c751e8b465ee728b)
Start importing Assets/Scenes using Guid(6ea315d0fd7389c41b19996891e99ae3) Importer(815301076,1909f56bfc062723c751e8b465ee728b)  -> (artifact id: 'b8193726cff86800c54781cdc6d54904') in 0.008899 seconds 
========================================================================
Received Import Request.
  Time since last request: 16.647147 seconds.
  path: Assets/Scenes/MainMenu.unity
  artifactKey: Guid(411a68e15b356a74d9888ffa4dc7f9bc) Importer(815301076,1909f56bfc062723c751e8b465ee728b)
Start importing Assets/Scenes/MainMenu.unity using Guid(411a68e15b356a74d9888ffa4dc7f9bc) Importer(815301076,1909f56bfc062723c751e8b465ee728b)  -> (artifact id: 'd3e4e3d6a713b3b5b3ba9188c3457033') in 0.009449 seconds 
========================================================================
Received Import Request.
  Time since last request: 87.061603 seconds.
  path: Assets/UI/MainMenu
  artifactKey: Guid(c3ae453be2e175945aaa0879a0b7d5cd) Importer(815301076,1909f56bfc062723c751e8b465ee728b)
Start importing Assets/UI/MainMenu using Guid(c3ae453be2e175945aaa0879a0b7d5cd) Importer(815301076,1909f56bfc062723c751e8b465ee728b)  -> (artifact id: 'dbe31119ff956ee35e53623b9f24520b') in 0.009035 seconds 
========================================================================
Received Import Request.
  Time since last request: 94.529531 seconds.
  path: Assets/UI/MainMenu/Главное меню.png
  artifactKey: Guid(d38644f24f8a2194f9c9a338322059c4) Importer(815301076,1909f56bfc062723c751e8b465ee728b)
Start importing Assets/UI/MainMenu/Главное меню.png using Guid(d38644f24f8a2194f9c9a338322059c4) Importer(815301076,1909f56bfc062723c751e8b465ee728b)  -> (artifact id: '7b707f28116131dd6467e26ce14d85fd') in 0.072424 seconds 
========================================================================
Received Import Request.
  Time since last request: 7.328495 seconds.
  path: Assets/UI/MainMenu/Главное меню.png
  artifactKey: Guid(d38644f24f8a2194f9c9a338322059c4) Importer(815301076,1909f56bfc062723c751e8b465ee728b)
Start importing Assets/UI/MainMenu/Главное меню.png using Guid(d38644f24f8a2194f9c9a338322059c4) Importer(815301076,1909f56bfc062723c751e8b465ee728b)  -> (artifact id: 'ecd5572387e0f6772a8f48cfa5d7bc94') in 0.053776 seconds 
========================================================================
Received Import Request.
  Time since last request: 4.809072 seconds.
  path: Assets/UI/MainMenu/Главное меню.png
  artifactKey: Guid(d38644f24f8a2194f9c9a338322059c4) Importer(815301076,1909f56bfc062723c751e8b465ee728b)
Start importing Assets/UI/MainMenu/Главное меню.png using Guid(d38644f24f8a2194f9c9a338322059c4) Importer(815301076,1909f56bfc062723c751e8b465ee728b)  -> (artifact id: '574cb1cb4af0bc8a21c37d6914f822ac') in 0.250937 seconds 
========================================================================
Received Import Request.
  Time since last request: 1322.333865 seconds.
  path: Assets/Scenes/Load.unity
  artifactKey: Guid(9fc0d4010bbf28b4594072e72b8655ab) Importer(815301076,1909f56bfc062723c751e8b465ee728b)
Start importing Assets/Scenes/Load.unity using Guid(9fc0d4010bbf28b4594072e72b8655ab) Importer(815301076,1909f56bfc062723c751e8b465ee728b)  -> (artifact id: 'a75dfb1113a0c04d8002a26ff8840298') in 0.006647 seconds 
========================================================================
Received Import Request.
  Time since last request: 991.660155 seconds.
  path: Assets/UI/Loading/Load.png
  artifactKey: Guid(e0dfec36a936f3a42be783f0ebe5067a) Importer(815301076,1909f56bfc062723c751e8b465ee728b)
Start importing Assets/UI/Loading/Load.png using Guid(e0dfec36a936f3a42be783f0ebe5067a) Importer(815301076,1909f56bfc062723c751e8b465ee728b)  -> (artifact id: '22df9c3d802725691a9199c1da56ad71') in 0.021617 seconds 
========================================================================
Received Import Request.
  Time since last request: 10.391015 seconds.
  path: Assets/UI/Loading/Load.png
  artifactKey: Guid(e0dfec36a936f3a42be783f0ebe5067a) Importer(815301076,1909f56bfc062723c751e8b465ee728b)
Start importing Assets/UI/Loading/Load.png using Guid(e0dfec36a936f3a42be783f0ebe5067a) Importer(815301076,1909f56bfc062723c751e8b465ee728b)  -> (artifact id: 'b15a273deddd3578556453ccc171cdd2') in 0.011756 seconds 
========================================================================
Received Import Request.
  Time since last request: 4.781893 seconds.
  path: Assets/UI/Loading/Load.png
  artifactKey: Guid(e0dfec36a936f3a42be783f0ebe5067a) Importer(815301076,1909f56bfc062723c751e8b465ee728b)
Start importing Assets/UI/Loading/Load.png using Guid(e0dfec36a936f3a42be783f0ebe5067a) Importer(815301076,1909f56bfc062723c751e8b465ee728b)  -> (artifact id: '2beb7940a3296bcaa4497a570c15c992') in 0.023418 seconds 
========================================================================
Received Import Request.
  Time since last request: 401.744702 seconds.
  path: Assets/UI/Loading/LoadState1.prefab
  artifactKey: Guid(7014ff2cb54128c4f9b7b18f8c0455ba) Importer(815301076,1909f56bfc062723c751e8b465ee728b)
Start importing Assets/UI/Loading/LoadState1.prefab using Guid(7014ff2cb54128c4f9b7b18f8c0455ba) Importer(815301076,1909f56bfc062723c751e8b465ee728b)  -> (artifact id: '2bb788134c4f3cc045e14eab629c1deb') in 0.026362 seconds 
========================================================================
Received Import Request.
  Time since last request: 651.894656 seconds.
  path: Assets/UI/Loading/LoadingStates
  artifactKey: Guid(10607c5f5b469db4d9e6d088fc0686d7) Importer(815301076,1909f56bfc062723c751e8b465ee728b)
Start importing Assets/UI/Loading/LoadingStates using Guid(10607c5f5b469db4d9e6d088fc0686d7) Importer(815301076,1909f56bfc062723c751e8b465ee728b)  -> (artifact id: 'f7ba5ad6e6096dfae54ff093c8887b8c') in 0.007747 seconds 
========================================================================
Received Import Request.
  Time since last request: 43.110839 seconds.
  path: Assets/UI/Loading/LoadingStates/Load2.png
  artifactKey: Guid(fde92facf543276489c776c5ddcc0fbc) Importer(815301076,1909f56bfc062723c751e8b465ee728b)
Start importing Assets/UI/Loading/LoadingStates/Load2.png using Guid(fde92facf543276489c776c5ddcc0fbc) Importer(815301076,1909f56bfc062723c751e8b465ee728b)  -> (artifact id: 'ed4eb5eb4f272aad6394384925637f8a') in 0.015496 seconds 
========================================================================
Received Import Request.
  Time since last request: 2.558051 seconds.
  path: Assets/UI/Loading/LoadingStates/Load3.png
  artifactKey: Guid(2f5e713343ff40046ae8f626101a62de) Importer(815301076,1909f56bfc062723c751e8b465ee728b)
Start importing Assets/UI/Loading/LoadingStates/Load3.png using Guid(2f5e713343ff40046ae8f626101a62de) Importer(815301076,1909f56bfc062723c751e8b465ee728b)  -> (artifact id: '9d0c2150430439e40dd539fd47191546') in 0.013179 seconds 
========================================================================
Received Import Request.
  Time since last request: 5.573174 seconds.
  path: Assets/UI/Loading/LoadingStates/Load4.png
  artifactKey: Guid(1150ae25c8ad22946bccd3a9cfe4423e) Importer(815301076,1909f56bfc062723c751e8b465ee728b)
Start importing Assets/UI/Loading/LoadingStates/Load4.png using Guid(1150ae25c8ad22946bccd3a9cfe4423e) Importer(815301076,1909f56bfc062723c751e8b465ee728b)  -> (artifact id: 'dff21de794cdddc03a78b70f1eb91554') in 0.013675 seconds 
========================================================================
Received Import Request.
  Time since last request: 1.939446 seconds.
  path: Assets/UI/Loading/LoadingStates/Load5.png
  artifactKey: Guid(b8bb3f975237e14429a8dbe836eaaa47) Importer(815301076,1909f56bfc062723c751e8b465ee728b)
Start importing Assets/UI/Loading/LoadingStates/Load5.png using Guid(b8bb3f975237e14429a8dbe836eaaa47) Importer(815301076,1909f56bfc062723c751e8b465ee728b)  -> (artifact id: '29b0b24b48359035bce4c7f00be8915c') in 0.013106 seconds 
========================================================================
Received Import Request.
  Time since last request: 1.906207 seconds.
  path: Assets/UI/Loading/LoadingStates/Load6.png
  artifactKey: Guid(55495bcbd04430144a1eb01ff5e6fd5b) Importer(815301076,1909f56bfc062723c751e8b465ee728b)
Start importing Assets/UI/Loading/LoadingStates/Load6.png using Guid(55495bcbd04430144a1eb01ff5e6fd5b) Importer(815301076,1909f56bfc062723c751e8b465ee728b)  -> (artifact id: '1220904e24c329e86ef0698d6ca46617') in 0.015145 seconds 
========================================================================
Received Import Request.
  Time since last request: 1.800249 seconds.
  path: Assets/UI/Loading/LoadingStates/Load7.png
  artifactKey: Guid(a14441877f29b1e41a6260cd02306297) Importer(815301076,1909f56bfc062723c751e8b465ee728b)
Start importing Assets/UI/Loading/LoadingStates/Load7.png using Guid(a14441877f29b1e41a6260cd02306297) Importer(815301076,1909f56bfc062723c751e8b465ee728b)  -> (artifact id: 'e8764879a18fcafe3bb4440d339e180f') in 0.016617 seconds 
========================================================================
Received Import Request.
  Time since last request: 7.449001 seconds.
  path: Assets/UI/Loading/LoadingStates/Load8.png
  artifactKey: Guid(1007aa6983114dc48aa0f9d51a77a6f7) Importer(815301076,1909f56bfc062723c751e8b465ee728b)
Start importing Assets/UI/Loading/LoadingStates/Load8.png using Guid(1007aa6983114dc48aa0f9d51a77a6f7) Importer(815301076,1909f56bfc062723c751e8b465ee728b)  -> (artifact id: '6931c63d9302e87596d9f8bef4bcfff2') in 0.015310 seconds 
========================================================================
Received Import Request.
  Time since last request: 29.253120 seconds.
  path: Assets/UI/Loading/LoadingStates/Load2.png
  artifactKey: Guid(fde92facf543276489c776c5ddcc0fbc) Importer(815301076,1909f56bfc062723c751e8b465ee728b)
Start importing Assets/UI/Loading/LoadingStates/Load2.png using Guid(fde92facf543276489c776c5ddcc0fbc) Importer(815301076,1909f56bfc062723c751e8b465ee728b)  -> (artifact id: '861f722b27e86b7846f79a7933f8e58e') in 0.009182 seconds 
========================================================================
Received Import Request.
  Time since last request: 7.121425 seconds.
  path: Assets/UI/Loading/LoadingStates/Load3 1.png
  artifactKey: Guid(79fafe21cd39e894c83cd5dcf7c459f5) Importer(815301076,1909f56bfc062723c751e8b465ee728b)
Start importing Assets/UI/Loading/LoadingStates/Load3 1.png using Guid(79fafe21cd39e894c83cd5dcf7c459f5) Importer(815301076,1909f56bfc062723c751e8b465ee728b)  -> (artifact id: 'd2634c0e651731ebb14454199639f7e0') in 0.026525 seconds 
========================================================================
Received Import Request.
  Time since last request: 0.000035 seconds.
  path: Assets/UI/Loading/LoadingStates/Load5 1.png
  artifactKey: Guid(8d08a6efd964f3e438f27ba916417826) Importer(815301076,1909f56bfc062723c751e8b465ee728b)
Start importing Assets/UI/Loading/LoadingStates/Load5 1.png using Guid(8d08a6efd964f3e438f27ba916417826) Importer(815301076,1909f56bfc062723c751e8b465ee728b)  -> (artifact id: 'c57c6b8b01b08cd8a373cb2a8a3ae882') in 0.020455 seconds 
========================================================================
Received Import Request.
  Time since last request: 0.000078 seconds.
  path: Assets/UI/Loading/LoadingStates/Load6 1.png
  artifactKey: Guid(fa895062b8f379046b6c9850d82dc976) Importer(815301076,1909f56bfc062723c751e8b465ee728b)
Start importing Assets/UI/Loading/LoadingStates/Load6 1.png using Guid(fa895062b8f379046b6c9850d82dc976) Importer(815301076,1909f56bfc062723c751e8b465ee728b)  -> (artifact id: 'f56c7616421d4d377c624aae7db7efd4') in 0.018460 seconds 
========================================================================
Received Import Request.
  Time since last request: 37.495456 seconds.
  path: Assets/UI/Loading/LoadingStates/Load3.png
  artifactKey: Guid(2f5e713343ff40046ae8f626101a62de) Importer(815301076,1909f56bfc062723c751e8b465ee728b)
Start importing Assets/UI/Loading/LoadingStates/Load3.png using Guid(2f5e713343ff40046ae8f626101a62de) Importer(815301076,1909f56bfc062723c751e8b465ee728b)  -> (artifact id: 'cf6e0fdcf3fd20398985ec53969912c1') in 0.011590 seconds 
========================================================================
Received Import Request.
  Time since last request: 0.000029 seconds.
  path: Assets/UI/Loading/LoadingStates/Load5.png
  artifactKey: Guid(b8bb3f975237e14429a8dbe836eaaa47) Importer(815301076,1909f56bfc062723c751e8b465ee728b)
Start importing Assets/UI/Loading/LoadingStates/Load5.png using Guid(b8bb3f975237e14429a8dbe836eaaa47) Importer(815301076,1909f56bfc062723c751e8b465ee728b)  -> (artifact id: 'f7bacc61369852f0c2b466dbaed50ba9') in 0.013801 seconds 
========================================================================
Received Import Request.
  Time since last request: 0.000031 seconds.
  path: Assets/UI/Loading/LoadingStates/Load7.png
  artifactKey: Guid(a14441877f29b1e41a6260cd02306297) Importer(815301076,1909f56bfc062723c751e8b465ee728b)
Start importing Assets/UI/Loading/LoadingStates/Load7.png using Guid(a14441877f29b1e41a6260cd02306297) Importer(815301076,1909f56bfc062723c751e8b465ee728b)  -> (artifact id: '9bcfc5d58c8ac547d4a77dac4822850c') in 0.014351 seconds 
========================================================================
Received Import Request.
  Time since last request: 204.137364 seconds.
  path: Assets/UI/Loading/LoadingStates/Load2.png
  artifactKey: Guid(fde92facf543276489c776c5ddcc0fbc) Importer(815301076,1909f56bfc062723c751e8b465ee728b)
Start importing Assets/UI/Loading/LoadingStates/Load2.png using Guid(fde92facf543276489c776c5ddcc0fbc) Importer(815301076,1909f56bfc062723c751e8b465ee728b)  -> (artifact id: '91caf232431515653923abc9c25c1d06') in 0.025399 seconds 
========================================================================
Received Import Request.
  Time since last request: 281.853413 seconds.
  path: Assets/UI/Loading/LoadingStates/Load4.png
  artifactKey: Guid(1150ae25c8ad22946bccd3a9cfe4423e) Importer(815301076,1909f56bfc062723c751e8b465ee728b)
Start importing Assets/UI/Loading/LoadingStates/Load4.png using Guid(1150ae25c8ad22946bccd3a9cfe4423e) Importer(815301076,1909f56bfc062723c751e8b465ee728b)  -> (artifact id: '352bbed46edc63d7aed5fbb04c269048') in 0.026220 seconds 
========================================================================
Received Import Request.
  Time since last request: 4.502608 seconds.
  path: Assets/UI/Loading/LoadingStates/Load5.png
  artifactKey: Guid(b8bb3f975237e14429a8dbe836eaaa47) Importer(815301076,1909f56bfc062723c751e8b465ee728b)
Start importing Assets/UI/Loading/LoadingStates/Load5.png using Guid(b8bb3f975237e14429a8dbe836eaaa47) Importer(815301076,1909f56bfc062723c751e8b465ee728b)  -> (artifact id: '5086ae50b39f226356f1722ae43666b9') in 0.033581 seconds 
========================================================================
Received Import Request.
  Time since last request: 2.277357 seconds.
  path: Assets/UI/Loading/LoadingStates/Load6.png
  artifactKey: Guid(55495bcbd04430144a1eb01ff5e6fd5b) Importer(815301076,1909f56bfc062723c751e8b465ee728b)
Start importing Assets/UI/Loading/LoadingStates/Load6.png using Guid(55495bcbd04430144a1eb01ff5e6fd5b) Importer(815301076,1909f56bfc062723c751e8b465ee728b)  -> (artifact id: 'b34c6b9f1989d6bd4c4a31848f898ecc') in 0.021448 seconds 
========================================================================
Received Import Request.
  Time since last request: 2.365867 seconds.
  path: Assets/UI/Loading/LoadingStates/Load7.png
  artifactKey: Guid(a14441877f29b1e41a6260cd02306297) Importer(815301076,1909f56bfc062723c751e8b465ee728b)
Start importing Assets/UI/Loading/LoadingStates/Load7.png using Guid(a14441877f29b1e41a6260cd02306297) Importer(815301076,1909f56bfc062723c751e8b465ee728b)  -> (artifact id: 'e1de135b18381ba4e3e8846a665a8a1c') in 0.024680 seconds 
========================================================================
Received Import Request.
  Time since last request: 3.033682 seconds.
  path: Assets/UI/Loading/LoadingStates/Load8.png
  artifactKey: Guid(1007aa6983114dc48aa0f9d51a77a6f7) Importer(815301076,1909f56bfc062723c751e8b465ee728b)
Start importing Assets/UI/Loading/LoadingStates/Load8.png using Guid(1007aa6983114dc48aa0f9d51a77a6f7) Importer(815301076,1909f56bfc062723c751e8b465ee728b)  -> (artifact id: '1957d35ed4d73632fa83ec782486fdbf') in 0.022003 seconds 
========================================================================
Received Prepare
Registering precompiled user dll's ...
Registered in 0.006536 seconds.
Begin MonoManager ReloadAssembly
Symbol file LoadedFromMemory doesn't match image C:\Users\crazy\Monopoly\Library\PackageCache\com.unity.visualscripting@1.7.8\Editor\VisualScripting.Core\Dependencies\YamlDotNet\Unity.VisualScripting.YamlDotNet.dll
Symbol file LoadedFromMemory doesn't match image C:\Users\crazy\Monopoly\Library\PackageCache\com.unity.visualscripting@1.7.8\Editor\VisualScripting.Core\Dependencies\DotNetZip\Unity.VisualScripting.IonicZip.dll
Refreshing native plugins compatible for Editor in 1.18 ms, found 3 plugins.
Preloading 0 native plugins for Editor in 0.00 ms.
Mono: successfully reloaded assembly
- Completed reload, in  1.286 seconds
Domain Reload Profiling:
	ReloadAssembly (1287ms)
		BeginReloadAssembly (217ms)
			ExecutionOrderSort (0ms)
			DisableScriptedObjects (6ms)
			BackupInstance (0ms)
			ReleaseScriptingObjects (0ms)
			CreateAndSetChildDomain (91ms)
		EndReloadAssembly (944ms)
			LoadAssemblies (100ms)
			RebuildTransferFunctionScriptingTraits (0ms)
			SetupTypeCache (356ms)
			ReleaseScriptCaches (2ms)
			RebuildScriptCaches (49ms)
			SetupLoadedEditorAssemblies (384ms)
				LogAssemblyErrors (0ms)
				InitializePlatformSupportModulesInManaged (2ms)
				SetLoadedEditorAssemblies (1ms)
				RefreshPlugins (1ms)
				BeforeProcessingInitializeOnLoad (92ms)
				ProcessInitializeOnLoadAttributes (250ms)
				ProcessInitializeOnLoadMethodAttributes (28ms)
				AfterProcessingInitializeOnLoad (8ms)
				EditorAssembliesLoaded (0ms)
			ExecutionOrderSort2 (0ms)
			AwakeInstancesAfterBackupRestoration (9ms)
Platform modules already initialized, skipping
Refreshing native plugins compatible for Editor in 2.26 ms, found 3 plugins.
Preloading 0 native plugins for Editor in 0.00 ms.
Unloading 3404 Unused Serialized files (Serialized files now loaded: 0)
Unloading 33 unused Assets / (0.7 MB). Loaded Objects now: 3879.
Memory consumption went from 123.3 MB to 122.6 MB.
Total: 3.684200 ms (FindLiveObjects: 0.314300 ms CreateObjectMapping: 0.119600 ms MarkObjects: 2.835300 ms  DeleteObjects: 0.413900 ms)

AssetImportParameters requested are different than current active one (requested -> active):
  custom:video-decoder-ogg-theora: a1e56fd34408186e4bbccfd4996cb3dc -> 
  custom:container-muxer-webm: aa71ff27fc2769a1b78a27578f13a17b -> 
  custom:container-demuxer-webm: 4f35f7cbe854078d1ac9338744f61a02 -> 
  custom:video-encoder-webm-vp8: eb34c28f22e8b96e1ab97ce403110664 -> 
  custom:video-codec-MediaFoundation-h265: 746d11721c4dcdbdad8f713fa42b33f4 -> 
  custom:audio-encoder-webm-vorbis: bf7c407c2cedff20999df2af8eb42d56 -> 
  custom:framework-win-MediaFoundation: 216162199b28c13a410421893ffa2e32 -> 
  custom:container-demuxer-ogg: 62fdf1f143b41e24485cea50d1cbac27 -> 
  custom:video-decoder-webm-vp8: 9c59270c3fd7afecdb556c50c9e8de78 -> 
  custom:audio-decoder-ogg-vorbis: bf7c407c2cedff20999df2af8eb42d56 -> 
========================================================================
Received Import Request.
  Time since last request: 565.532418 seconds.
  path: Assets/Scripts/LoadingScreen.cs
  artifactKey: Guid(677ef243ba5bb2a44b479ae5b1bbe9c1) Importer(815301076,1909f56bfc062723c751e8b465ee728b)
Start importing Assets/Scripts/LoadingScreen.cs using Guid(677ef243ba5bb2a44b479ae5b1bbe9c1) Importer(815301076,1909f56bfc062723c751e8b465ee728b)  -> (artifact id: '54428c6b10f813290cfb7ce7473fda45') in 0.010891 seconds 
